13:25:14.716 [main] DEBUG org.testng.TestNG - suiteXmlPath: "C:\Users\rrkumar\git\repository\TEK_Automation\load.xml"
13:25:15.100 [main] INFO  org.testng.internal.Utils - [TestNG] Running:
  C:\Users\rrkumar\git\repository\TEK_Automation\load.xml

13:25:19.371 [main] INFO  testCases.loadCreateTalent - SalesforceLogin Test case started 
13:25:21.831 [main] INFO  testCases.loadCreateTalent - Logged in to connected
13:25:21.832 [main] INFO  testCases.loadCreateTalent - SalesforceLogin Test case executed 
13:25:21.861 [main] INFO  testCases.loadCreateTalent - Talentcreation testcase started
13:26:03.768 [main] INFO  testCases.loadCreateTalent - 
13:27:47.052 [main] INFO  testCases.loadCreateTalent - Success!
13:27:47.052 [main] INFO  testCases.loadCreateTalent -  Talentcreation Test Case Finished
13:27:47.057 [main] INFO  testCases.loadCreateTalent -  EditTalent test case is started
13:27:56.268 [main] INFO  testCases.loadCreateTalent -  has  text 
13:27:56.358 [main] INFO  testCases.loadCreateTalent -  has  text 
13:27:56.573 [main] INFO  testCases.loadCreateTalent -  has  text 
13:27:56.648 [main] INFO  testCases.loadCreateTalent -  has  text 
13:27:56.724 [main] INFO  testCases.loadCreateTalent -  has  text 
13:27:58.214 [main] INFO  testCases.loadCreateTalent -  has  text 
13:27:58.769 [main] INFO  testCases.loadCreateTalent - Ress Ress | Contact | Salesforce
13:27:58.769 [main] INFO  testCases.loadCreateTalent -  EditTalent Test Case Finished
13:29:35.287 [main] DEBUG org.testng.TestNG - suiteXmlPath: "C:\Users\rrkumar\git\repository\TEK_Automation\load.xml"
13:29:35.606 [main] INFO  org.testng.internal.Utils - [TestNG] Running:
  C:\Users\rrkumar\git\repository\TEK_Automation\load.xml

13:29:39.643 [main] INFO  testCases.loadCreateTalent - SalesforceLogin Test case started 
13:29:42.778 [main] INFO  testCases.loadCreateTalent - Logged in to connected
13:29:42.778 [main] INFO  testCases.loadCreateTalent - SalesforceLogin Test case executed 
13:29:42.803 [main] INFO  testCases.loadCreateTalent - Talentcreation testcase started
13:30:27.782 [main] INFO  testCases.loadCreateTalent - 
13:31:40.419 [main] INFO  testCases.loadCreateTalent - Success!
13:31:40.419 [main] INFO  testCases.loadCreateTalent -  Talentcreation Test Case Finished
13:31:40.424 [main] INFO  testCases.loadCreateTalent -  EditTalent test case is started
13:31:49.211 [main] INFO  testCases.loadCreateTalent - input has  text 
13:31:49.293 [main] INFO  testCases.loadCreateTalent - input has  text 
13:31:49.365 [main] INFO  testCases.loadCreateTalent - input has  text 
13:31:50.926 [main] INFO  testCases.loadCreateTalent - input has  text 
13:31:51.446 [main] INFO  testCases.loadCreateTalent - Ress Ress | Contact | Salesforce
13:31:51.446 [main] INFO  testCases.loadCreateTalent -  EditTalent Test Case Finished
